<?xml version="1.0" encoding="UTF-8"?>
<testsuite name="sets.FiniteSetTest" tests="6" skipped="0" failures="0" errors="0" timestamp="2022-04-27T07:29:50" hostname="DaviddeMacBook-Air.local" time="0.015">
  <properties/>
  <testcase name="testCreation" classname="sets.FiniteSetTest" time="0.009"/>
  <testcase name="testUnion" classname="sets.FiniteSetTest" time="0.001"/>
  <testcase name="testSize" classname="sets.FiniteSetTest" time="0.0"/>
  <testcase name="testDifference" classname="sets.FiniteSetTest" time="0.0"/>
  <testcase name="testIntersection" classname="sets.FiniteSetTest" time="0.001"/>
  <testcase name="testEquals" classname="sets.FiniteSetTest" time="0.001"/>
  <system-out><![CDATA[]]></system-out>
  <system-err><![CDATA[]]></system-err>
</testsuite>
